2025-10-30 22:53:25,065 - __main__ - INFO - Database initialized
2025-10-30 22:53:25,084 - __main__ - INFO - Database ready: 3500 cryptocurrencies

============================================================
Nominative Determinism Investment Intelligence Platform
============================================================
Server: http://localhost:63143
============================================================

 * Serving Flask app 'app'
 * Debug mode: on
2025-10-30 22:53:25,153 - werkzeug - INFO - [31m[1mWARNING: This is a development server. Do not use it in a production deployment. Use a production WSGI server instead.[0m
 * Running on all addresses (0.0.0.0)
 * Running on http://127.0.0.1:63143
 * Running on http://192.168.1.234:63143
2025-10-30 22:53:25,153 - werkzeug - INFO - [33mPress CTRL+C to quit[0m
2025-10-30 22:53:25,154 - werkzeug - INFO -  * Restarting with stat
2025-10-30 22:53:26,711 - __main__ - INFO - Database initialized
2025-10-30 22:53:26,730 - __main__ - INFO - Database ready: 3500 cryptocurrencies
2025-10-30 22:53:26,748 - werkzeug - WARNING -  * Debugger is active!
2025-10-30 22:53:26,761 - werkzeug - INFO -  * Debugger PIN: 234-969-874
2025-10-30 23:01:03,067 - werkzeug - INFO -  * Detected change in '/Users/michaelsmerconish/Desktop/RandomCode/FlaskProject/app.py', reloading

============================================================
Nominative Determinism Investment Intelligence Platform
============================================================
Server: http://localhost:46797
============================================================

2025-10-30 23:01:03,414 - werkzeug - INFO -  * Restarting with stat
2025-10-30 23:01:05,928 - __main__ - INFO - Database initialized
2025-10-30 23:01:05,947 - __main__ - INFO - Database ready: 3500 cryptocurrencies
2025-10-30 23:01:05,968 - werkzeug - WARNING -  * Debugger is active!
2025-10-30 23:01:05,981 - werkzeug - INFO -  * Debugger PIN: 234-969-874
2025-10-30 23:01:52,039 - werkzeug - INFO -  * Detected change in '/Users/michaelsmerconish/Desktop/RandomCode/FlaskProject/app.py', reloading

============================================================
Nominative Determinism Investment Intelligence Platform
============================================================
Server: http://localhost:26111
============================================================

2025-10-30 23:01:52,277 - werkzeug - INFO -  * Restarting with stat
2025-10-30 23:01:54,978 - __main__ - INFO - Database initialized
2025-10-30 23:01:54,997 - __main__ - INFO - Database ready: 3500 cryptocurrencies
2025-10-30 23:01:55,019 - werkzeug - WARNING -  * Debugger is active!
2025-10-30 23:01:55,033 - werkzeug - INFO -  * Debugger PIN: 234-969-874
2025-10-30 23:35:37,973 - werkzeug - INFO -  * Detected change in '/Users/michaelsmerconish/Desktop/RandomCode/FlaskProject/app.py', reloading

============================================================
Nominative Determinism Investment Intelligence Platform
============================================================
Server: http://localhost:60459
============================================================

2025-10-30 23:35:38,506 - werkzeug - INFO -  * Restarting with stat
2025-10-30 23:35:41,659 - __main__ - INFO - Database initialized
2025-10-30 23:35:41,681 - __main__ - INFO - Database ready: 3500 cryptocurrencies
2025-10-30 23:35:41,706 - werkzeug - WARNING -  * Debugger is active!
2025-10-30 23:35:41,722 - werkzeug - INFO -  * Debugger PIN: 234-969-874
2025-10-30 23:36:36,403 - werkzeug - INFO -  * Detected change in '/Users/michaelsmerconish/Desktop/RandomCode/FlaskProject/app.py', reloading

============================================================
Nominative Determinism Investment Intelligence Platform
============================================================
Server: http://localhost:64289
============================================================

2025-10-30 23:36:36,882 - werkzeug - INFO -  * Restarting with stat
2025-10-30 23:36:40,403 - __main__ - INFO - Database initialized
2025-10-30 23:36:40,438 - __main__ - INFO - Database ready: 3500 cryptocurrencies
2025-10-30 23:36:40,469 - werkzeug - WARNING -  * Debugger is active!
2025-10-30 23:36:40,495 - werkzeug - INFO -  * Debugger PIN: 234-969-874
2025-10-30 23:36:42,767 - werkzeug - INFO -  * Detected change in '/Users/michaelsmerconish/Desktop/RandomCode/FlaskProject/app.py', reloading

============================================================
Nominative Determinism Investment Intelligence Platform
============================================================
Server: http://localhost:16613
============================================================

2025-10-30 23:36:42,991 - werkzeug - INFO -  * Restarting with stat
2025-10-30 23:36:45,515 - __main__ - INFO - Database initialized
2025-10-30 23:36:45,572 - __main__ - INFO - Database ready: 3500 cryptocurrencies
2025-10-30 23:36:45,598 - werkzeug - WARNING -  * Debugger is active!
2025-10-30 23:36:45,622 - werkzeug - INFO -  * Debugger PIN: 234-969-874
2025-10-30 23:38:25,231 - werkzeug - INFO -  * Detected change in '/Users/michaelsmerconish/Desktop/RandomCode/FlaskProject/app.py', reloading

============================================================
Nominative Determinism Investment Intelligence Platform
============================================================
Server: http://localhost:53035
============================================================

2025-10-30 23:38:25,460 - werkzeug - INFO -  * Restarting with stat
2025-10-30 23:38:28,273 - __main__ - INFO - Database initialized
2025-10-30 23:38:28,300 - __main__ - INFO - Database ready: 3500 cryptocurrencies
2025-10-30 23:38:28,323 - werkzeug - WARNING -  * Debugger is active!
2025-10-30 23:38:28,339 - werkzeug - INFO -  * Debugger PIN: 234-969-874
2025-10-30 23:41:08,953 - werkzeug - INFO -  * Detected change in '/Users/michaelsmerconish/Desktop/RandomCode/FlaskProject/app.py', reloading

============================================================
Nominative Determinism Investment Intelligence Platform
============================================================
Server: http://localhost:8517
============================================================

2025-10-30 23:41:09,475 - werkzeug - INFO -  * Restarting with stat
2025-10-30 23:41:16,628 - __main__ - INFO - Database initialized
2025-10-30 23:41:16,665 - __main__ - INFO - Database ready: 3500 cryptocurrencies
2025-10-30 23:41:16,700 - werkzeug - WARNING -  * Debugger is active!
2025-10-30 23:41:16,735 - werkzeug - INFO -  * Debugger PIN: 234-969-874
2025-10-30 23:42:30,932 - werkzeug - INFO -  * Detected change in '/Users/michaelsmerconish/Desktop/RandomCode/FlaskProject/analyzers/pattern_discovery.py', reloading

============================================================
Nominative Determinism Investment Intelligence Platform
============================================================
Server: http://localhost:24527
============================================================

2025-10-30 23:42:32,047 - werkzeug - INFO -  * Restarting with stat
2025-10-30 23:42:37,307 - __main__ - INFO - Database initialized
2025-10-30 23:42:37,327 - __main__ - INFO - Database ready: 3500 cryptocurrencies
2025-10-30 23:42:37,350 - werkzeug - WARNING -  * Debugger is active!
2025-10-30 23:42:37,364 - werkzeug - INFO -  * Debugger PIN: 234-969-874
2025-10-30 23:42:51,353 - werkzeug - INFO -  * Detected change in '/Users/michaelsmerconish/Desktop/RandomCode/FlaskProject/analyzers/pattern_discovery.py', reloading

============================================================
Nominative Determinism Investment Intelligence Platform
============================================================
Server: http://localhost:51879
============================================================

2025-10-30 23:42:51,951 - werkzeug - INFO -  * Restarting with stat
2025-10-30 23:42:54,965 - __main__ - INFO - Database initialized
2025-10-30 23:42:54,985 - __main__ - INFO - Database ready: 3500 cryptocurrencies
2025-10-30 23:42:55,011 - werkzeug - WARNING -  * Debugger is active!
2025-10-30 23:42:55,026 - werkzeug - INFO -  * Debugger PIN: 234-969-874
2025-10-30 23:43:18,383 - werkzeug - INFO -  * Detected change in '/Users/michaelsmerconish/Desktop/RandomCode/FlaskProject/app.py', reloading

============================================================
Nominative Determinism Investment Intelligence Platform
============================================================
Server: http://localhost:10585
============================================================

2025-10-30 23:43:18,891 - werkzeug - INFO -  * Restarting with stat
2025-10-30 23:43:23,853 - __main__ - INFO - Database initialized
2025-10-30 23:43:23,881 - __main__ - INFO - Database ready: 3500 cryptocurrencies
2025-10-30 23:43:23,915 - werkzeug - WARNING -  * Debugger is active!
2025-10-30 23:43:23,937 - werkzeug - INFO -  * Debugger PIN: 234-969-874
2025-10-30 23:43:51,854 - werkzeug - INFO -  * Detected change in '/Users/michaelsmerconish/Desktop/RandomCode/FlaskProject/core/models.py', reloading

============================================================
Nominative Determinism Investment Intelligence Platform
============================================================
Server: http://localhost:52813
============================================================

2025-10-30 23:43:52,263 - werkzeug - INFO -  * Restarting with stat
2025-10-30 23:43:54,583 - __main__ - INFO - Database initialized
2025-10-30 23:43:54,602 - __main__ - INFO - Database ready: 3500 cryptocurrencies
2025-10-30 23:43:54,629 - werkzeug - WARNING -  * Debugger is active!
2025-10-30 23:43:54,642 - werkzeug - INFO -  * Debugger PIN: 234-969-874
2025-10-30 23:44:03,579 - werkzeug - INFO -  * Detected change in '/Users/michaelsmerconish/Desktop/RandomCode/FlaskProject/core/models.py', reloading

============================================================
Nominative Determinism Investment Intelligence Platform
============================================================
Server: http://localhost:57581
============================================================

2025-10-30 23:44:03,821 - werkzeug - INFO -  * Restarting with stat
2025-10-30 23:44:06,296 - __main__ - INFO - Database initialized
2025-10-30 23:44:06,315 - __main__ - INFO - Database ready: 3500 cryptocurrencies
2025-10-30 23:44:06,339 - werkzeug - WARNING -  * Debugger is active!
2025-10-30 23:44:06,351 - werkzeug - INFO -  * Debugger PIN: 234-969-874
2025-10-30 23:45:15,152 - werkzeug - INFO -  * Detected change in '/Users/michaelsmerconish/Desktop/RandomCode/FlaskProject/core/models.py', reloading

============================================================
Nominative Determinism Investment Intelligence Platform
============================================================
Server: http://localhost:13019
============================================================

2025-10-30 23:45:15,390 - werkzeug - INFO -  * Restarting with stat
2025-10-30 23:45:18,140 - __main__ - INFO - Database initialized
2025-10-30 23:45:18,160 - __main__ - INFO - Database ready: 3500 cryptocurrencies
2025-10-30 23:45:18,181 - werkzeug - WARNING -  * Debugger is active!
2025-10-30 23:45:18,196 - werkzeug - INFO -  * Debugger PIN: 234-969-874
2025-10-31 01:04:29,259 - werkzeug - INFO -  * Detected change in '/Users/michaelsmerconish/Desktop/RandomCode/FlaskProject/app.py', reloading

============================================================
Nominative Determinism Investment Intelligence Platform
============================================================
Server: http://localhost:44347
============================================================

2025-10-31 01:04:29,613 - werkzeug - INFO -  * Restarting with stat
2025-10-31 01:04:32,764 - __main__ - INFO - Database initialized
2025-10-31 01:04:32,786 - __main__ - INFO - Database ready: 3500 cryptocurrencies
2025-10-31 01:04:32,819 - werkzeug - WARNING -  * Debugger is active!
2025-10-31 01:04:32,895 - werkzeug - INFO -  * Debugger PIN: 234-969-874
2025-10-31 03:56:04,527 - werkzeug - INFO -  * Detected change in '/Users/michaelsmerconish/Desktop/RandomCode/FlaskProject/app.py', reloading

============================================================
Nominative Determinism Investment Intelligence Platform
============================================================
Server: http://localhost:22935
============================================================

2025-10-31 03:56:04,757 - werkzeug - INFO -  * Restarting with stat
2025-10-31 03:56:07,110 - __main__ - INFO - Database initialized
2025-10-31 03:56:07,132 - __main__ - INFO - Database ready: 3500 cryptocurrencies
2025-10-31 03:56:07,156 - werkzeug - WARNING -  * Debugger is active!
2025-10-31 03:56:07,172 - werkzeug - INFO -  * Debugger PIN: 234-969-874
2025-10-31 03:56:24,221 - werkzeug - INFO -  * Detected change in '/Users/michaelsmerconish/Desktop/RandomCode/FlaskProject/collectors/data_collector.py', reloading

============================================================
Nominative Determinism Investment Intelligence Platform
============================================================
Server: http://localhost:64519
============================================================

2025-10-31 03:56:24,446 - werkzeug - INFO -  * Restarting with stat
2025-10-31 03:56:26,416 - __main__ - INFO - Database initialized
2025-10-31 03:56:26,436 - __main__ - INFO - Database ready: 3500 cryptocurrencies
2025-10-31 03:56:26,461 - werkzeug - WARNING -  * Debugger is active!
2025-10-31 03:56:26,472 - werkzeug - INFO -  * Debugger PIN: 234-969-874
2025-10-31 03:59:42,829 - werkzeug - INFO -  * Detected change in '/Users/michaelsmerconish/Desktop/RandomCode/FlaskProject/analyzers/linguistic_feature_extractor.py', reloading

============================================================
Nominative Determinism Investment Intelligence Platform
============================================================
Server: http://localhost:30343
============================================================

2025-10-31 03:59:43,026 - werkzeug - INFO -  * Restarting with stat
2025-10-31 03:59:45,254 - __main__ - INFO - Database initialized
2025-10-31 03:59:45,272 - __main__ - INFO - Database ready: 3500 cryptocurrencies
2025-10-31 03:59:45,291 - werkzeug - WARNING -  * Debugger is active!
2025-10-31 03:59:45,300 - werkzeug - INFO -  * Debugger PIN: 234-969-874
2025-10-31 13:20:39,827 - werkzeug - INFO -  * Detected change in '/Users/michaelsmerconish/Desktop/RandomCode/FlaskProject/app.py', reloading

============================================================
Nominative Determinism Investment Intelligence Platform
============================================================
Server: http://localhost:53787
============================================================

2025-10-31 13:20:40,269 - werkzeug - INFO -  * Restarting with stat
2025-10-31 13:20:45,406 - __main__ - INFO - Database initialized
2025-10-31 13:20:45,442 - __main__ - INFO - Database ready: 3500 cryptocurrencies
2025-10-31 13:20:45,491 - werkzeug - WARNING -  * Debugger is active!
2025-10-31 13:20:45,507 - werkzeug - INFO -  * Debugger PIN: 234-969-874
2025-10-31 20:44:00,512 - werkzeug - INFO -  * Detected change in '/Users/michaelsmerconish/Desktop/RandomCode/FlaskProject/app.py', reloading

============================================================
Nominative Determinism Investment Intelligence Platform
============================================================
Server: http://localhost:56415
============================================================

2025-10-31 20:44:01,450 - werkzeug - INFO -  * Restarting with stat
2025-10-31 20:44:08,800 - __main__ - INFO - Database initialized
2025-10-31 20:44:08,824 - __main__ - INFO - Database ready: 3500 cryptocurrencies
2025-10-31 20:44:08,857 - werkzeug - WARNING -  * Debugger is active!
2025-10-31 20:44:08,881 - werkzeug - INFO -  * Debugger PIN: 234-969-874
2025-10-31 20:44:11,301 - werkzeug - INFO -  * Detected change in '/Users/michaelsmerconish/Desktop/RandomCode/FlaskProject/app.py', reloading

============================================================
Nominative Determinism Investment Intelligence Platform
============================================================
Server: http://localhost:9329
============================================================

2025-10-31 20:44:11,607 - werkzeug - INFO -  * Restarting with stat
2025-10-31 20:44:14,822 - __main__ - INFO - Database initialized
2025-10-31 20:44:14,867 - __main__ - INFO - Database ready: 3500 cryptocurrencies
2025-10-31 20:44:14,894 - werkzeug - WARNING -  * Debugger is active!
2025-10-31 20:44:14,922 - werkzeug - INFO -  * Debugger PIN: 234-969-874
2025-10-31 20:44:20,540 - werkzeug - INFO -  * Detected change in '/Users/michaelsmerconish/Desktop/RandomCode/FlaskProject/app.py', reloading

============================================================
Nominative Determinism Investment Intelligence Platform
============================================================
Server: http://localhost:28245
============================================================

2025-10-31 20:44:20,908 - werkzeug - INFO -  * Restarting with stat
2025-10-31 20:44:24,244 - __main__ - INFO - Database initialized
2025-10-31 20:44:24,270 - __main__ - INFO - Database ready: 3500 cryptocurrencies
2025-10-31 20:44:24,307 - werkzeug - WARNING -  * Debugger is active!
2025-10-31 20:44:24,405 - werkzeug - INFO -  * Debugger PIN: 234-969-874
2025-10-31 20:44:30,698 - werkzeug - INFO -  * Detected change in '/Users/michaelsmerconish/Desktop/RandomCode/FlaskProject/app.py', reloading

============================================================
Nominative Determinism Investment Intelligence Platform
============================================================
Server: http://localhost:50027
============================================================

2025-10-31 20:44:30,950 - werkzeug - INFO -  * Restarting with stat
2025-10-31 20:44:33,259 - __main__ - INFO - Database initialized
2025-10-31 20:44:33,287 - __main__ - INFO - Database ready: 3500 cryptocurrencies
2025-10-31 20:44:33,321 - werkzeug - WARNING -  * Debugger is active!
2025-10-31 20:44:33,352 - werkzeug - INFO -  * Debugger PIN: 234-969-874
2025-10-31 20:47:29,578 - werkzeug - INFO -  * Detected change in '/Users/michaelsmerconish/Desktop/RandomCode/FlaskProject/app.py', reloading

============================================================
Nominative Determinism Investment Intelligence Platform
============================================================
Server: http://localhost:21785
============================================================

2025-10-31 20:47:29,802 - werkzeug - INFO -  * Restarting with stat
2025-10-31 20:47:32,416 - __main__ - INFO - Database initialized
2025-10-31 20:47:32,435 - __main__ - INFO - Database ready: 3500 cryptocurrencies
2025-10-31 20:47:32,458 - werkzeug - WARNING -  * Debugger is active!
2025-10-31 20:47:32,473 - werkzeug - INFO -  * Debugger PIN: 234-969-874
2025-10-31 21:04:28,065 - werkzeug - INFO -  * Detected change in '/Users/michaelsmerconish/Desktop/RandomCode/FlaskProject/app.py', reloading

============================================================
Nominative Determinism Investment Intelligence Platform
============================================================
Server: http://localhost:56845
============================================================

2025-10-31 21:04:28,440 - werkzeug - INFO -  * Restarting with stat
2025-10-31 21:04:31,256 - __main__ - INFO - Database initialized
2025-10-31 21:04:31,277 - __main__ - INFO - Database ready: 3500 cryptocurrencies
2025-10-31 21:04:31,305 - werkzeug - WARNING -  * Debugger is active!
2025-10-31 21:04:31,319 - werkzeug - INFO -  * Debugger PIN: 234-969-874
2025-10-31 21:59:25,288 - werkzeug - INFO -  * Detected change in '/Users/michaelsmerconish/Desktop/RandomCode/FlaskProject/app.py', reloading

============================================================
Nominative Determinism Investment Intelligence Platform
============================================================
Server: http://localhost:21657
============================================================

2025-10-31 21:59:25,644 - werkzeug - INFO -  * Restarting with stat
Traceback (most recent call last):
  File "/Users/michaelsmerconish/Desktop/RandomCode/FlaskProject/app.py", line 65, in <module>
    comparative_analyzer = ComparativeAnalyzer()
NameError: name 'ComparativeAnalyzer' is not defined
